0 info it worked if it ends with ok
1 verbose cli [ '/usr/local/bin/node', '/usr/local/bin/npm', 'start' ]
2 info using npm@3.9.5
3 info using node@v6.2.2
4 verbose run-script [ 'prestart', 'start', 'poststart' ]
5 info lifecycle curd-rest-api@1.0.0~prestart: curd-rest-api@1.0.0
6 silly lifecycle curd-rest-api@1.0.0~prestart: no script for prestart, continuing
7 info lifecycle curd-rest-api@1.0.0~start: curd-rest-api@1.0.0
8 verbose lifecycle curd-rest-api@1.0.0~start: unsafe-perm in lifecycle true
9 verbose lifecycle curd-rest-api@1.0.0~start: PATH: /usr/local/lib/node_modules/npm/bin/node-gyp-bin:/Users/kbkrishnacse/Documents/Work/Projects/t/autoapi/node_modules/.bin:/usr/local/bin:/Users/kbkrishnacse/.jenv/shims:/Users/kbkrishnacse/.jenv/bin:/Users/kbkrishnacse/.jenv/shims:/usr/local/bin:/usr/bin:/bin:/usr/sbin:/sbin:/usr/local/git/bin:/usr/local/go/bin:/Users/kbkrishnacse/Documents/Install/activator-1.3.5-minimal
10 verbose lifecycle curd-rest-api@1.0.0~start: CWD: /Users/kbkrishnacse/Documents/Work/Projects/t/autoapi
11 silly lifecycle curd-rest-api@1.0.0~start: Args: [ '-c', 'gulp serve' ]
12 silly lifecycle curd-rest-api@1.0.0~start: Returned: code: 1  signal: null
13 info lifecycle curd-rest-api@1.0.0~start: Failed to exec start script
14 verbose stack Error: curd-rest-api@1.0.0 start: `gulp serve`
14 verbose stack Exit status 1
14 verbose stack     at EventEmitter.<anonymous> (/usr/local/lib/node_modules/npm/lib/utils/lifecycle.js:245:16)
14 verbose stack     at emitTwo (events.js:106:13)
14 verbose stack     at EventEmitter.emit (events.js:191:7)
14 verbose stack     at ChildProcess.<anonymous> (/usr/local/lib/node_modules/npm/lib/utils/spawn.js:24:14)
14 verbose stack     at emitTwo (events.js:106:13)
14 verbose stack     at ChildProcess.emit (events.js:191:7)
14 verbose stack     at maybeClose (internal/child_process.js:852:16)
14 verbose stack     at Process.ChildProcess._handle.onexit (internal/child_process.js:215:5)
15 verbose pkgid curd-rest-api@1.0.0
16 verbose cwd /Users/kbkrishnacse/Documents/Work/Projects/t/autoapi
17 error Darwin 14.3.0
18 error argv "/usr/local/bin/node" "/usr/local/bin/npm" "start"
19 error node v6.2.2
20 error npm  v3.9.5
21 error code ELIFECYCLE
22 error curd-rest-api@1.0.0 start: `gulp serve`
22 error Exit status 1
23 error Failed at the curd-rest-api@1.0.0 start script 'gulp serve'.
23 error Make sure you have the latest version of node.js and npm installed.
23 error If you do, this is most likely a problem with the curd-rest-api package,
23 error not with npm itself.
23 error Tell the author that this fails on your system:
23 error     gulp serve
23 error You can get information on how to open an issue for this project with:
23 error     npm bugs curd-rest-api
23 error Or if that isn't available, you can get their info via:
23 error     npm owner ls curd-rest-api
23 error There is likely additional logging output above.
24 verbose exit [ 1, true ]
